<?xml version="1.0" encoding="UTF-8"?>
<testsuite xmlns:xsi="http://www.w3.org/2001/XMLSchema-instance" xsi:noNamespaceSchemaLocation="https://maven.apache.org/surefire/maven-surefire-plugin/xsd/surefire-test-report.xsd" name="ma.fstt.demo.CloudGetwayApplicationTests" time="14.781" tests="1" errors="0" skipped="0" failures="0">
  <properties>
    <property name="java.specification.version" value="16"/>
    <property name="sun.cpu.isalist" value="amd64"/>
    <property name="sun.jnu.encoding" value="Cp1252"/>
    <property name="java.class.path" value="C:\Users\Dell\Desktop\microservice\cloud-getway\target\test-classes;C:\Users\Dell\Desktop\microservice\cloud-getway\target\classes;C:\Users\Dell\.m2\repository\org\springframework\boot\spring-boot-starter-actuator\2.6.2\spring-boot-starter-actuator-2.6.2.jar;C:\Users\Dell\.m2\repository\org\springframework\boot\spring-boot-starter\2.6.2\spring-boot-starter-2.6.2.jar;C:\Users\Dell\.m2\repository\org\springframework\boot\spring-boot\2.6.2\spring-boot-2.6.2.jar;C:\Users\Dell\.m2\repository\org\springframework\spring-context\5.3.14\spring-context-5.3.14.jar;C:\Users\Dell\.m2\repository\org\springframework\spring-aop\5.3.14\spring-aop-5.3.14.jar;C:\Users\Dell\.m2\repository\org\springframework\spring-expression\5.3.14\spring-expression-5.3.14.jar;C:\Users\Dell\.m2\repository\org\springframework\boot\spring-boot-autoconfigure\2.6.2\spring-boot-autoconfigure-2.6.2.jar;C:\Users\Dell\.m2\repository\org\springframework\boot\spring-boot-starter-logging\2.6.2\spring-boot-starter-logging-2.6.2.jar;C:\Users\Dell\.m2\repository\ch\qos\logback\logback-classic\1.2.9\logback-classic-1.2.9.jar;C:\Users\Dell\.m2\repository\ch\qos\logback\logback-core\1.2.9\logback-core-1.2.9.jar;C:\Users\Dell\.m2\repository\org\apache\logging\log4j\log4j-to-slf4j\2.17.0\log4j-to-slf4j-2.17.0.jar;C:\Users\Dell\.m2\repository\org\apache\logging\log4j\log4j-api\2.17.0\log4j-api-2.17.0.jar;C:\Users\Dell\.m2\repository\org\slf4j\jul-to-slf4j\1.7.32\jul-to-slf4j-1.7.32.jar;C:\Users\Dell\.m2\repository\jakarta\annotation\jakarta.annotation-api\1.3.5\jakarta.annotation-api-1.3.5.jar;C:\Users\Dell\.m2\repository\org\yaml\snakeyaml\1.29\snakeyaml-1.29.jar;C:\Users\Dell\.m2\repository\org\springframework\boot\spring-boot-actuator-autoconfigure\2.6.2\spring-boot-actuator-autoconfigure-2.6.2.jar;C:\Users\Dell\.m2\repository\org\springframework\boot\spring-boot-actuator\2.6.2\spring-boot-actuator-2.6.2.jar;C:\Users\Dell\.m2\repository\com\fasterxml\jackson\core\jackson-databind\2.13.1\jackson-databind-2.13.1.jar;C:\Users\Dell\.m2\repository\com\fasterxml\jackson\datatype\jackson-datatype-jsr310\2.13.1\jackson-datatype-jsr310-2.13.1.jar;C:\Users\Dell\.m2\repository\io\micrometer\micrometer-core\1.8.1\micrometer-core-1.8.1.jar;C:\Users\Dell\.m2\repository\org\hdrhistogram\HdrHistogram\2.1.12\HdrHistogram-2.1.12.jar;C:\Users\Dell\.m2\repository\org\latencyutils\LatencyUtils\2.0.3\LatencyUtils-2.0.3.jar;C:\Users\Dell\.m2\repository\org\springframework\cloud\spring-cloud-starter-gateway\3.1.0\spring-cloud-starter-gateway-3.1.0.jar;C:\Users\Dell\.m2\repository\org\springframework\cloud\spring-cloud-starter\3.1.0\spring-cloud-starter-3.1.0.jar;C:\Users\Dell\.m2\repository\org\springframework\cloud\spring-cloud-context\3.1.0\spring-cloud-context-3.1.0.jar;C:\Users\Dell\.m2\repository\org\springframework\security\spring-security-crypto\5.6.1\spring-security-crypto-5.6.1.jar;C:\Users\Dell\.m2\repository\org\springframework\cloud\spring-cloud-commons\3.1.0\spring-cloud-commons-3.1.0.jar;C:\Users\Dell\.m2\repository\org\springframework\security\spring-security-rsa\1.0.10.RELEASE\spring-security-rsa-1.0.10.RELEASE.jar;C:\Users\Dell\.m2\repository\org\bouncycastle\bcpkix-jdk15on\1.68\bcpkix-jdk15on-1.68.jar;C:\Users\Dell\.m2\repository\org\bouncycastle\bcprov-jdk15on\1.68\bcprov-jdk15on-1.68.jar;C:\Users\Dell\.m2\repository\org\springframework\cloud\spring-cloud-gateway-server\3.1.0\spring-cloud-gateway-server-3.1.0.jar;C:\Users\Dell\.m2\repository\org\springframework\boot\spring-boot-starter-validation\2.6.2\spring-boot-starter-validation-2.6.2.jar;C:\Users\Dell\.m2\repository\org\apache\tomcat\embed\tomcat-embed-el\9.0.56\tomcat-embed-el-9.0.56.jar;C:\Users\Dell\.m2\repository\org\hibernate\validator\hibernate-validator\6.2.0.Final\hibernate-validator-6.2.0.Final.jar;C:\Users\Dell\.m2\repository\jakarta\validation\jakarta.validation-api\2.0.2\jakarta.validation-api-2.0.2.jar;C:\Users\Dell\.m2\repository\org\jboss\logging\jboss-logging\3.4.2.Final\jboss-logging-3.4.2.Final.jar;C:\Users\Dell\.m2\repository\com\fasterxml\classmate\1.5.1\classmate-1.5.1.jar;C:\Users\Dell\.m2\repository\io\projectreactor\addons\reactor-extra\3.4.6\reactor-extra-3.4.6.jar;C:\Users\Dell\.m2\repository\io\projectreactor\reactor-core\3.4.13\reactor-core-3.4.13.jar;C:\Users\Dell\.m2\repository\org\reactivestreams\reactive-streams\1.0.3\reactive-streams-1.0.3.jar;C:\Users\Dell\.m2\repository\org\springframework\boot\spring-boot-starter-webflux\2.6.2\spring-boot-starter-webflux-2.6.2.jar;C:\Users\Dell\.m2\repository\org\springframework\boot\spring-boot-starter-json\2.6.2\spring-boot-starter-json-2.6.2.jar;C:\Users\Dell\.m2\repository\com\fasterxml\jackson\datatype\jackson-datatype-jdk8\2.13.1\jackson-datatype-jdk8-2.13.1.jar;C:\Users\Dell\.m2\repository\com\fasterxml\jackson\module\jackson-module-parameter-names\2.13.1\jackson-module-parameter-names-2.13.1.jar;C:\Users\Dell\.m2\repository\org\springframework\boot\spring-boot-starter-reactor-netty\2.6.2\spring-boot-starter-reactor-netty-2.6.2.jar;C:\Users\Dell\.m2\repository\io\projectreactor\netty\reactor-netty-http\1.0.14\reactor-netty-http-1.0.14.jar;C:\Users\Dell\.m2\repository\io\netty\netty-codec-http\4.1.72.Final\netty-codec-http-4.1.72.Final.jar;C:\Users\Dell\.m2\repository\io\netty\netty-common\4.1.72.Final\netty-common-4.1.72.Final.jar;C:\Users\Dell\.m2\repository\io\netty\netty-buffer\4.1.72.Final\netty-buffer-4.1.72.Final.jar;C:\Users\Dell\.m2\repository\io\netty\netty-transport\4.1.72.Final\netty-transport-4.1.72.Final.jar;C:\Users\Dell\.m2\repository\io\netty\netty-codec\4.1.72.Final\netty-codec-4.1.72.Final.jar;C:\Users\Dell\.m2\repository\io\netty\netty-handler\4.1.72.Final\netty-handler-4.1.72.Final.jar;C:\Users\Dell\.m2\repository\io\netty\netty-tcnative-classes\2.0.46.Final\netty-tcnative-classes-2.0.46.Final.jar;C:\Users\Dell\.m2\repository\io\netty\netty-codec-http2\4.1.72.Final\netty-codec-http2-4.1.72.Final.jar;C:\Users\Dell\.m2\repository\io\netty\netty-resolver-dns\4.1.72.Final\netty-resolver-dns-4.1.72.Final.jar;C:\Users\Dell\.m2\repository\io\netty\netty-resolver\4.1.72.Final\netty-resolver-4.1.72.Final.jar;C:\Users\Dell\.m2\repository\io\netty\netty-codec-dns\4.1.72.Final\netty-codec-dns-4.1.72.Final.jar;C:\Users\Dell\.m2\repository\io\netty\netty-resolver-dns-native-macos\4.1.72.Final\netty-resolver-dns-native-macos-4.1.72.Final-osx-x86_64.jar;C:\Users\Dell\.m2\repository\io\netty\netty-resolver-dns-classes-macos\4.1.72.Final\netty-resolver-dns-classes-macos-4.1.72.Final.jar;C:\Users\Dell\.m2\repository\io\netty\netty-transport-native-epoll\4.1.72.Final\netty-transport-native-epoll-4.1.72.Final-linux-x86_64.jar;C:\Users\Dell\.m2\repository\io\netty\netty-transport-native-unix-common\4.1.72.Final\netty-transport-native-unix-common-4.1.72.Final.jar;C:\Users\Dell\.m2\repository\io\netty\netty-transport-classes-epoll\4.1.72.Final\netty-transport-classes-epoll-4.1.72.Final.jar;C:\Users\Dell\.m2\repository\io\projectreactor\netty\reactor-netty-core\1.0.14\reactor-netty-core-1.0.14.jar;C:\Users\Dell\.m2\repository\io\netty\netty-handler-proxy\4.1.72.Final\netty-handler-proxy-4.1.72.Final.jar;C:\Users\Dell\.m2\repository\io\netty\netty-codec-socks\4.1.72.Final\netty-codec-socks-4.1.72.Final.jar;C:\Users\Dell\.m2\repository\org\springframework\spring-web\5.3.14\spring-web-5.3.14.jar;C:\Users\Dell\.m2\repository\org\springframework\spring-beans\5.3.14\spring-beans-5.3.14.jar;C:\Users\Dell\.m2\repository\org\springframework\spring-webflux\5.3.14\spring-webflux-5.3.14.jar;C:\Users\Dell\.m2\repository\org\springframework\cloud\spring-cloud-starter-netflix-eureka-client\3.1.0\spring-cloud-starter-netflix-eureka-client-3.1.0.jar;C:\Users\Dell\.m2\repository\org\springframework\cloud\spring-cloud-netflix-eureka-client\3.1.0\spring-cloud-netflix-eureka-client-3.1.0.jar;C:\Users\Dell\.m2\repository\com\netflix\eureka\eureka-client\1.10.17\eureka-client-1.10.17.jar;C:\Users\Dell\.m2\repository\com\netflix\netflix-commons\netflix-eventbus\0.3.0\netflix-eventbus-0.3.0.jar;C:\Users\Dell\.m2\repository\com\netflix\netflix-commons\netflix-infix\0.3.0\netflix-infix-0.3.0.jar;C:\Users\Dell\.m2\repository\commons-jxpath\commons-jxpath\1.3\commons-jxpath-1.3.jar;C:\Users\Dell\.m2\repository\joda-time\joda-time\2.3\joda-time-2.3.jar;C:\Users\Dell\.m2\repository\org\antlr\antlr-runtime\3.4\antlr-runtime-3.4.jar;C:\Users\Dell\.m2\repository\org\antlr\stringtemplate\3.2.1\stringtemplate-3.2.1.jar;C:\Users\Dell\.m2\repository\antlr\antlr\2.7.7\antlr-2.7.7.jar;C:\Users\Dell\.m2\repository\com\google\code\gson\gson\2.8.9\gson-2.8.9.jar;C:\Users\Dell\.m2\repository\org\apache\commons\commons-math\2.2\commons-math-2.2.jar;C:\Users\Dell\.m2\repository\com\thoughtworks\xstream\xstream\1.4.18\xstream-1.4.18.jar;C:\Users\Dell\.m2\repository\io\github\x-stream\mxparser\1.2.2\mxparser-1.2.2.jar;C:\Users\Dell\.m2\repository\xmlpull\xmlpull\1.1.3.1\xmlpull-1.1.3.1.jar;C:\Users\Dell\.m2\repository\javax\ws\rs\jsr311-api\1.1.1\jsr311-api-1.1.1.jar;C:\Users\Dell\.m2\repository\com\netflix\servo\servo-core\0.12.21\servo-core-0.12.21.jar;C:\Users\Dell\.m2\repository\com\google\guava\guava\19.0\guava-19.0.jar;C:\Users\Dell\.m2\repository\org\apache\httpcomponents\httpclient\4.5.13\httpclient-4.5.13.jar;C:\Users\Dell\.m2\repository\org\apache\httpcomponents\httpcore\4.4.15\httpcore-4.4.15.jar;C:\Users\Dell\.m2\repository\commons-codec\commons-codec\1.15\commons-codec-1.15.jar;C:\Users\Dell\.m2\repository\commons-configuration\commons-configuration\1.10\commons-configuration-1.10.jar;C:\Users\Dell\.m2\repository\commons-lang\commons-lang\2.6\commons-lang-2.6.jar;C:\Users\Dell\.m2\repository\com\google\inject\guice\4.1.0\guice-4.1.0.jar;C:\Users\Dell\.m2\repository\javax\inject\javax.inject\1\javax.inject-1.jar;C:\Users\Dell\.m2\repository\com\fasterxml\jackson\core\jackson-annotations\2.13.1\jackson-annotations-2.13.1.jar;C:\Users\Dell\.m2\repository\com\fasterxml\jackson\core\jackson-core\2.13.1\jackson-core-2.13.1.jar;C:\Users\Dell\.m2\repository\org\codehaus\jettison\jettison\1.4.0\jettison-1.4.0.jar;C:\Users\Dell\.m2\repository\com\netflix\eureka\eureka-core\1.10.17\eureka-core-1.10.17.jar;C:\Users\Dell\.m2\repository\com\fasterxml\woodstox\woodstox-core\6.2.1\woodstox-core-6.2.1.jar;C:\Users\Dell\.m2\repository\org\codehaus\woodstox\stax2-api\4.2.1\stax2-api-4.2.1.jar;C:\Users\Dell\.m2\repository\org\springframework\cloud\spring-cloud-starter-loadbalancer\3.1.0\spring-cloud-starter-loadbalancer-3.1.0.jar;C:\Users\Dell\.m2\repository\org\springframework\cloud\spring-cloud-loadbalancer\3.1.0\spring-cloud-loadbalancer-3.1.0.jar;C:\Users\Dell\.m2\repository\org\springframework\boot\spring-boot-starter-cache\2.6.2\spring-boot-starter-cache-2.6.2.jar;C:\Users\Dell\.m2\repository\org\springframework\spring-context-support\5.3.14\spring-context-support-5.3.14.jar;C:\Users\Dell\.m2\repository\com\stoyanr\evictor\1.0.0\evictor-1.0.0.jar;C:\Users\Dell\.m2\repository\org\springframework\boot\spring-boot-starter-test\2.6.2\spring-boot-starter-test-2.6.2.jar;C:\Users\Dell\.m2\repository\org\springframework\boot\spring-boot-test\2.6.2\spring-boot-test-2.6.2.jar;C:\Users\Dell\.m2\repository\org\springframework\boot\spring-boot-test-autoconfigure\2.6.2\spring-boot-test-autoconfigure-2.6.2.jar;C:\Users\Dell\.m2\repository\com\jayway\jsonpath\json-path\2.6.0\json-path-2.6.0.jar;C:\Users\Dell\.m2\repository\net\minidev\json-smart\2.4.7\json-smart-2.4.7.jar;C:\Users\Dell\.m2\repository\net\minidev\accessors-smart\2.4.7\accessors-smart-2.4.7.jar;C:\Users\Dell\.m2\repository\org\ow2\asm\asm\9.1\asm-9.1.jar;C:\Users\Dell\.m2\repository\org\slf4j\slf4j-api\1.7.32\slf4j-api-1.7.32.jar;C:\Users\Dell\.m2\repository\jakarta\xml\bind\jakarta.xml.bind-api\2.3.3\jakarta.xml.bind-api-2.3.3.jar;C:\Users\Dell\.m2\repository\jakarta\activation\jakarta.activation-api\1.2.2\jakarta.activation-api-1.2.2.jar;C:\Users\Dell\.m2\repository\org\assertj\assertj-core\3.21.0\assertj-core-3.21.0.jar;C:\Users\Dell\.m2\repository\org\hamcrest\hamcrest\2.2\hamcrest-2.2.jar;C:\Users\Dell\.m2\repository\org\junit\jupiter\junit-jupiter\5.8.2\junit-jupiter-5.8.2.jar;C:\Users\Dell\.m2\repository\org\junit\jupiter\junit-jupiter-api\5.8.2\junit-jupiter-api-5.8.2.jar;C:\Users\Dell\.m2\repository\org\opentest4j\opentest4j\1.2.0\opentest4j-1.2.0.jar;C:\Users\Dell\.m2\repository\org\junit\platform\junit-platform-commons\1.8.2\junit-platform-commons-1.8.2.jar;C:\Users\Dell\.m2\repository\org\apiguardian\apiguardian-api\1.1.2\apiguardian-api-1.1.2.jar;C:\Users\Dell\.m2\repository\org\junit\jupiter\junit-jupiter-params\5.8.2\junit-jupiter-params-5.8.2.jar;C:\Users\Dell\.m2\repository\org\junit\jupiter\junit-jupiter-engine\5.8.2\junit-jupiter-engine-5.8.2.jar;C:\Users\Dell\.m2\repository\org\junit\platform\junit-platform-engine\1.8.2\junit-platform-engine-1.8.2.jar;C:\Users\Dell\.m2\repository\org\mockito\mockito-core\4.0.0\mockito-core-4.0.0.jar;C:\Users\Dell\.m2\repository\net\bytebuddy\byte-buddy\1.11.22\byte-buddy-1.11.22.jar;C:\Users\Dell\.m2\repository\net\bytebuddy\byte-buddy-agent\1.11.22\byte-buddy-agent-1.11.22.jar;C:\Users\Dell\.m2\repository\org\objenesis\objenesis\3.2\objenesis-3.2.jar;C:\Users\Dell\.m2\repository\org\mockito\mockito-junit-jupiter\4.0.0\mockito-junit-jupiter-4.0.0.jar;C:\Users\Dell\.m2\repository\org\skyscreamer\jsonassert\1.5.0\jsonassert-1.5.0.jar;C:\Users\Dell\.m2\repository\com\vaadin\external\google\android-json\0.0.20131108.vaadin1\android-json-0.0.20131108.vaadin1.jar;C:\Users\Dell\.m2\repository\org\springframework\spring-core\5.3.14\spring-core-5.3.14.jar;C:\Users\Dell\.m2\repository\org\springframework\spring-jcl\5.3.14\spring-jcl-5.3.14.jar;C:\Users\Dell\.m2\repository\org\springframework\spring-test\5.3.14\spring-test-5.3.14.jar;C:\Users\Dell\.m2\repository\org\xmlunit\xmlunit-core\2.8.4\xmlunit-core-2.8.4.jar;"/>
    <property name="java.vm.vendor" value="Oracle Corporation"/>
    <property name="sun.arch.data.model" value="64"/>
    <property name="user.variant" value=""/>
    <property name="java.vendor.url" value="https://java.oracle.com/"/>
    <property name="user.timezone" value="GMT"/>
    <property name="os.name" value="Windows 10"/>
    <property name="java.vm.specification.version" value="16"/>
    <property name="sun.java.launcher" value="SUN_STANDARD"/>
    <property name="user.country" value="FR"/>
    <property name="sun.boot.library.path" value="C:\STS4\sts-4.12.0.RELEASE\plugins\org.eclipse.justj.openjdk.hotspot.jre.full.win32.x86_64_16.0.2.v20210721-1149\jre\bin"/>
    <property name="sun.java.command" value="C:\Users\Dell\AppData\Local\Temp\surefire12779942877403686544\surefirebooter8993750457787891790.jar C:\Users\Dell\AppData\Local\Temp\surefire12779942877403686544 2022-05-21T21-43-28_360-jvmRun1 surefire16129058583618603395tmp surefire_016591538980184093356tmp"/>
    <property name="jdk.debug" value="release"/>
    <property name="surefire.test.class.path" value="C:\Users\Dell\Desktop\microservice\cloud-getway\target\test-classes;C:\Users\Dell\Desktop\microservice\cloud-getway\target\classes;C:\Users\Dell\.m2\repository\org\springframework\boot\spring-boot-starter-actuator\2.6.2\spring-boot-starter-actuator-2.6.2.jar;C:\Users\Dell\.m2\repository\org\springframework\boot\spring-boot-starter\2.6.2\spring-boot-starter-2.6.2.jar;C:\Users\Dell\.m2\repository\org\springframework\boot\spring-boot\2.6.2\spring-boot-2.6.2.jar;C:\Users\Dell\.m2\repository\org\springframework\spring-context\5.3.14\spring-context-5.3.14.jar;C:\Users\Dell\.m2\repository\org\springframework\spring-aop\5.3.14\spring-aop-5.3.14.jar;C:\Users\Dell\.m2\repository\org\springframework\spring-expression\5.3.14\spring-expression-5.3.14.jar;C:\Users\Dell\.m2\repository\org\springframework\boot\spring-boot-autoconfigure\2.6.2\spring-boot-autoconfigure-2.6.2.jar;C:\Users\Dell\.m2\repository\org\springframework\boot\spring-boot-starter-logging\2.6.2\spring-boot-starter-logging-2.6.2.jar;C:\Users\Dell\.m2\repository\ch\qos\logback\logback-classic\1.2.9\logback-classic-1.2.9.jar;C:\Users\Dell\.m2\repository\ch\qos\logback\logback-core\1.2.9\logback-core-1.2.9.jar;C:\Users\Dell\.m2\repository\org\apache\logging\log4j\log4j-to-slf4j\2.17.0\log4j-to-slf4j-2.17.0.jar;C:\Users\Dell\.m2\repository\org\apache\logging\log4j\log4j-api\2.17.0\log4j-api-2.17.0.jar;C:\Users\Dell\.m2\repository\org\slf4j\jul-to-slf4j\1.7.32\jul-to-slf4j-1.7.32.jar;C:\Users\Dell\.m2\repository\jakarta\annotation\jakarta.annotation-api\1.3.5\jakarta.annotation-api-1.3.5.jar;C:\Users\Dell\.m2\repository\org\yaml\snakeyaml\1.29\snakeyaml-1.29.jar;C:\Users\Dell\.m2\repository\org\springframework\boot\spring-boot-actuator-autoconfigure\2.6.2\spring-boot-actuator-autoconfigure-2.6.2.jar;C:\Users\Dell\.m2\repository\org\springframework\boot\spring-boot-actuator\2.6.2\spring-boot-actuator-2.6.2.jar;C:\Users\Dell\.m2\repository\com\fasterxml\jackson\core\jackson-databind\2.13.1\jackson-databind-2.13.1.jar;C:\Users\Dell\.m2\repository\com\fasterxml\jackson\datatype\jackson-datatype-jsr310\2.13.1\jackson-datatype-jsr310-2.13.1.jar;C:\Users\Dell\.m2\repository\io\micrometer\micrometer-core\1.8.1\micrometer-core-1.8.1.jar;C:\Users\Dell\.m2\repository\org\hdrhistogram\HdrHistogram\2.1.12\HdrHistogram-2.1.12.jar;C:\Users\Dell\.m2\repository\org\latencyutils\LatencyUtils\2.0.3\LatencyUtils-2.0.3.jar;C:\Users\Dell\.m2\repository\org\springframework\cloud\spring-cloud-starter-gateway\3.1.0\spring-cloud-starter-gateway-3.1.0.jar;C:\Users\Dell\.m2\repository\org\springframework\cloud\spring-cloud-starter\3.1.0\spring-cloud-starter-3.1.0.jar;C:\Users\Dell\.m2\repository\org\springframework\cloud\spring-cloud-context\3.1.0\spring-cloud-context-3.1.0.jar;C:\Users\Dell\.m2\repository\org\springframework\security\spring-security-crypto\5.6.1\spring-security-crypto-5.6.1.jar;C:\Users\Dell\.m2\repository\org\springframework\cloud\spring-cloud-commons\3.1.0\spring-cloud-commons-3.1.0.jar;C:\Users\Dell\.m2\repository\org\springframework\security\spring-security-rsa\1.0.10.RELEASE\spring-security-rsa-1.0.10.RELEASE.jar;C:\Users\Dell\.m2\repository\org\bouncycastle\bcpkix-jdk15on\1.68\bcpkix-jdk15on-1.68.jar;C:\Users\Dell\.m2\repository\org\bouncycastle\bcprov-jdk15on\1.68\bcprov-jdk15on-1.68.jar;C:\Users\Dell\.m2\repository\org\springframework\cloud\spring-cloud-gateway-server\3.1.0\spring-cloud-gateway-server-3.1.0.jar;C:\Users\Dell\.m2\repository\org\springframework\boot\spring-boot-starter-validation\2.6.2\spring-boot-starter-validation-2.6.2.jar;C:\Users\Dell\.m2\repository\org\apache\tomcat\embed\tomcat-embed-el\9.0.56\tomcat-embed-el-9.0.56.jar;C:\Users\Dell\.m2\repository\org\hibernate\validator\hibernate-validator\6.2.0.Final\hibernate-validator-6.2.0.Final.jar;C:\Users\Dell\.m2\repository\jakarta\validation\jakarta.validation-api\2.0.2\jakarta.validation-api-2.0.2.jar;C:\Users\Dell\.m2\repository\org\jboss\logging\jboss-logging\3.4.2.Final\jboss-logging-3.4.2.Final.jar;C:\Users\Dell\.m2\repository\com\fasterxml\classmate\1.5.1\classmate-1.5.1.jar;C:\Users\Dell\.m2\repository\io\projectreactor\addons\reactor-extra\3.4.6\reactor-extra-3.4.6.jar;C:\Users\Dell\.m2\repository\io\projectreactor\reactor-core\3.4.13\reactor-core-3.4.13.jar;C:\Users\Dell\.m2\repository\org\reactivestreams\reactive-streams\1.0.3\reactive-streams-1.0.3.jar;C:\Users\Dell\.m2\repository\org\springframework\boot\spring-boot-starter-webflux\2.6.2\spring-boot-starter-webflux-2.6.2.jar;C:\Users\Dell\.m2\repository\org\springframework\boot\spring-boot-starter-json\2.6.2\spring-boot-starter-json-2.6.2.jar;C:\Users\Dell\.m2\repository\com\fasterxml\jackson\datatype\jackson-datatype-jdk8\2.13.1\jackson-datatype-jdk8-2.13.1.jar;C:\Users\Dell\.m2\repository\com\fasterxml\jackson\module\jackson-module-parameter-names\2.13.1\jackson-module-parameter-names-2.13.1.jar;C:\Users\Dell\.m2\repository\org\springframework\boot\spring-boot-starter-reactor-netty\2.6.2\spring-boot-starter-reactor-netty-2.6.2.jar;C:\Users\Dell\.m2\repository\io\projectreactor\netty\reactor-netty-http\1.0.14\reactor-netty-http-1.0.14.jar;C:\Users\Dell\.m2\repository\io\netty\netty-codec-http\4.1.72.Final\netty-codec-http-4.1.72.Final.jar;C:\Users\Dell\.m2\repository\io\netty\netty-common\4.1.72.Final\netty-common-4.1.72.Final.jar;C:\Users\Dell\.m2\repository\io\netty\netty-buffer\4.1.72.Final\netty-buffer-4.1.72.Final.jar;C:\Users\Dell\.m2\repository\io\netty\netty-transport\4.1.72.Final\netty-transport-4.1.72.Final.jar;C:\Users\Dell\.m2\repository\io\netty\netty-codec\4.1.72.Final\netty-codec-4.1.72.Final.jar;C:\Users\Dell\.m2\repository\io\netty\netty-handler\4.1.72.Final\netty-handler-4.1.72.Final.jar;C:\Users\Dell\.m2\repository\io\netty\netty-tcnative-classes\2.0.46.Final\netty-tcnative-classes-2.0.46.Final.jar;C:\Users\Dell\.m2\repository\io\netty\netty-codec-http2\4.1.72.Final\netty-codec-http2-4.1.72.Final.jar;C:\Users\Dell\.m2\repository\io\netty\netty-resolver-dns\4.1.72.Final\netty-resolver-dns-4.1.72.Final.jar;C:\Users\Dell\.m2\repository\io\netty\netty-resolver\4.1.72.Final\netty-resolver-4.1.72.Final.jar;C:\Users\Dell\.m2\repository\io\netty\netty-codec-dns\4.1.72.Final\netty-codec-dns-4.1.72.Final.jar;C:\Users\Dell\.m2\repository\io\netty\netty-resolver-dns-native-macos\4.1.72.Final\netty-resolver-dns-native-macos-4.1.72.Final-osx-x86_64.jar;C:\Users\Dell\.m2\repository\io\netty\netty-resolver-dns-classes-macos\4.1.72.Final\netty-resolver-dns-classes-macos-4.1.72.Final.jar;C:\Users\Dell\.m2\repository\io\netty\netty-transport-native-epoll\4.1.72.Final\netty-transport-native-epoll-4.1.72.Final-linux-x86_64.jar;C:\Users\Dell\.m2\repository\io\netty\netty-transport-native-unix-common\4.1.72.Final\netty-transport-native-unix-common-4.1.72.Final.jar;C:\Users\Dell\.m2\repository\io\netty\netty-transport-classes-epoll\4.1.72.Final\netty-transport-classes-epoll-4.1.72.Final.jar;C:\Users\Dell\.m2\repository\io\projectreactor\netty\reactor-netty-core\1.0.14\reactor-netty-core-1.0.14.jar;C:\Users\Dell\.m2\repository\io\netty\netty-handler-proxy\4.1.72.Final\netty-handler-proxy-4.1.72.Final.jar;C:\Users\Dell\.m2\repository\io\netty\netty-codec-socks\4.1.72.Final\netty-codec-socks-4.1.72.Final.jar;C:\Users\Dell\.m2\repository\org\springframework\spring-web\5.3.14\spring-web-5.3.14.jar;C:\Users\Dell\.m2\repository\org\springframework\spring-beans\5.3.14\spring-beans-5.3.14.jar;C:\Users\Dell\.m2\repository\org\springframework\spring-webflux\5.3.14\spring-webflux-5.3.14.jar;C:\Users\Dell\.m2\repository\org\springframework\cloud\spring-cloud-starter-netflix-eureka-client\3.1.0\spring-cloud-starter-netflix-eureka-client-3.1.0.jar;C:\Users\Dell\.m2\repository\org\springframework\cloud\spring-cloud-netflix-eureka-client\3.1.0\spring-cloud-netflix-eureka-client-3.1.0.jar;C:\Users\Dell\.m2\repository\com\netflix\eureka\eureka-client\1.10.17\eureka-client-1.10.17.jar;C:\Users\Dell\.m2\repository\com\netflix\netflix-commons\netflix-eventbus\0.3.0\netflix-eventbus-0.3.0.jar;C:\Users\Dell\.m2\repository\com\netflix\netflix-commons\netflix-infix\0.3.0\netflix-infix-0.3.0.jar;C:\Users\Dell\.m2\repository\commons-jxpath\commons-jxpath\1.3\commons-jxpath-1.3.jar;C:\Users\Dell\.m2\repository\joda-time\joda-time\2.3\joda-time-2.3.jar;C:\Users\Dell\.m2\repository\org\antlr\antlr-runtime\3.4\antlr-runtime-3.4.jar;C:\Users\Dell\.m2\repository\org\antlr\stringtemplate\3.2.1\stringtemplate-3.2.1.jar;C:\Users\Dell\.m2\repository\antlr\antlr\2.7.7\antlr-2.7.7.jar;C:\Users\Dell\.m2\repository\com\google\code\gson\gson\2.8.9\gson-2.8.9.jar;C:\Users\Dell\.m2\repository\org\apache\commons\commons-math\2.2\commons-math-2.2.jar;C:\Users\Dell\.m2\repository\com\thoughtworks\xstream\xstream\1.4.18\xstream-1.4.18.jar;C:\Users\Dell\.m2\repository\io\github\x-stream\mxparser\1.2.2\mxparser-1.2.2.jar;C:\Users\Dell\.m2\repository\xmlpull\xmlpull\1.1.3.1\xmlpull-1.1.3.1.jar;C:\Users\Dell\.m2\repository\javax\ws\rs\jsr311-api\1.1.1\jsr311-api-1.1.1.jar;C:\Users\Dell\.m2\repository\com\netflix\servo\servo-core\0.12.21\servo-core-0.12.21.jar;C:\Users\Dell\.m2\repository\com\google\guava\guava\19.0\guava-19.0.jar;C:\Users\Dell\.m2\repository\org\apache\httpcomponents\httpclient\4.5.13\httpclient-4.5.13.jar;C:\Users\Dell\.m2\repository\org\apache\httpcomponents\httpcore\4.4.15\httpcore-4.4.15.jar;C:\Users\Dell\.m2\repository\commons-codec\commons-codec\1.15\commons-codec-1.15.jar;C:\Users\Dell\.m2\repository\commons-configuration\commons-configuration\1.10\commons-configuration-1.10.jar;C:\Users\Dell\.m2\repository\commons-lang\commons-lang\2.6\commons-lang-2.6.jar;C:\Users\Dell\.m2\repository\com\google\inject\guice\4.1.0\guice-4.1.0.jar;C:\Users\Dell\.m2\repository\javax\inject\javax.inject\1\javax.inject-1.jar;C:\Users\Dell\.m2\repository\com\fasterxml\jackson\core\jackson-annotations\2.13.1\jackson-annotations-2.13.1.jar;C:\Users\Dell\.m2\repository\com\fasterxml\jackson\core\jackson-core\2.13.1\jackson-core-2.13.1.jar;C:\Users\Dell\.m2\repository\org\codehaus\jettison\jettison\1.4.0\jettison-1.4.0.jar;C:\Users\Dell\.m2\repository\com\netflix\eureka\eureka-core\1.10.17\eureka-core-1.10.17.jar;C:\Users\Dell\.m2\repository\com\fasterxml\woodstox\woodstox-core\6.2.1\woodstox-core-6.2.1.jar;C:\Users\Dell\.m2\repository\org\codehaus\woodstox\stax2-api\4.2.1\stax2-api-4.2.1.jar;C:\Users\Dell\.m2\repository\org\springframework\cloud\spring-cloud-starter-loadbalancer\3.1.0\spring-cloud-starter-loadbalancer-3.1.0.jar;C:\Users\Dell\.m2\repository\org\springframework\cloud\spring-cloud-loadbalancer\3.1.0\spring-cloud-loadbalancer-3.1.0.jar;C:\Users\Dell\.m2\repository\org\springframework\boot\spring-boot-starter-cache\2.6.2\spring-boot-starter-cache-2.6.2.jar;C:\Users\Dell\.m2\repository\org\springframework\spring-context-support\5.3.14\spring-context-support-5.3.14.jar;C:\Users\Dell\.m2\repository\com\stoyanr\evictor\1.0.0\evictor-1.0.0.jar;C:\Users\Dell\.m2\repository\org\springframework\boot\spring-boot-starter-test\2.6.2\spring-boot-starter-test-2.6.2.jar;C:\Users\Dell\.m2\repository\org\springframework\boot\spring-boot-test\2.6.2\spring-boot-test-2.6.2.jar;C:\Users\Dell\.m2\repository\org\springframework\boot\spring-boot-test-autoconfigure\2.6.2\spring-boot-test-autoconfigure-2.6.2.jar;C:\Users\Dell\.m2\repository\com\jayway\jsonpath\json-path\2.6.0\json-path-2.6.0.jar;C:\Users\Dell\.m2\repository\net\minidev\json-smart\2.4.7\json-smart-2.4.7.jar;C:\Users\Dell\.m2\repository\net\minidev\accessors-smart\2.4.7\accessors-smart-2.4.7.jar;C:\Users\Dell\.m2\repository\org\ow2\asm\asm\9.1\asm-9.1.jar;C:\Users\Dell\.m2\repository\org\slf4j\slf4j-api\1.7.32\slf4j-api-1.7.32.jar;C:\Users\Dell\.m2\repository\jakarta\xml\bind\jakarta.xml.bind-api\2.3.3\jakarta.xml.bind-api-2.3.3.jar;C:\Users\Dell\.m2\repository\jakarta\activation\jakarta.activation-api\1.2.2\jakarta.activation-api-1.2.2.jar;C:\Users\Dell\.m2\repository\org\assertj\assertj-core\3.21.0\assertj-core-3.21.0.jar;C:\Users\Dell\.m2\repository\org\hamcrest\hamcrest\2.2\hamcrest-2.2.jar;C:\Users\Dell\.m2\repository\org\junit\jupiter\junit-jupiter\5.8.2\junit-jupiter-5.8.2.jar;C:\Users\Dell\.m2\repository\org\junit\jupiter\junit-jupiter-api\5.8.2\junit-jupiter-api-5.8.2.jar;C:\Users\Dell\.m2\repository\org\opentest4j\opentest4j\1.2.0\opentest4j-1.2.0.jar;C:\Users\Dell\.m2\repository\org\junit\platform\junit-platform-commons\1.8.2\junit-platform-commons-1.8.2.jar;C:\Users\Dell\.m2\repository\org\apiguardian\apiguardian-api\1.1.2\apiguardian-api-1.1.2.jar;C:\Users\Dell\.m2\repository\org\junit\jupiter\junit-jupiter-params\5.8.2\junit-jupiter-params-5.8.2.jar;C:\Users\Dell\.m2\repository\org\junit\jupiter\junit-jupiter-engine\5.8.2\junit-jupiter-engine-5.8.2.jar;C:\Users\Dell\.m2\repository\org\junit\platform\junit-platform-engine\1.8.2\junit-platform-engine-1.8.2.jar;C:\Users\Dell\.m2\repository\org\mockito\mockito-core\4.0.0\mockito-core-4.0.0.jar;C:\Users\Dell\.m2\repository\net\bytebuddy\byte-buddy\1.11.22\byte-buddy-1.11.22.jar;C:\Users\Dell\.m2\repository\net\bytebuddy\byte-buddy-agent\1.11.22\byte-buddy-agent-1.11.22.jar;C:\Users\Dell\.m2\repository\org\objenesis\objenesis\3.2\objenesis-3.2.jar;C:\Users\Dell\.m2\repository\org\mockito\mockito-junit-jupiter\4.0.0\mockito-junit-jupiter-4.0.0.jar;C:\Users\Dell\.m2\repository\org\skyscreamer\jsonassert\1.5.0\jsonassert-1.5.0.jar;C:\Users\Dell\.m2\repository\com\vaadin\external\google\android-json\0.0.20131108.vaadin1\android-json-0.0.20131108.vaadin1.jar;C:\Users\Dell\.m2\repository\org\springframework\spring-core\5.3.14\spring-core-5.3.14.jar;C:\Users\Dell\.m2\repository\org\springframework\spring-jcl\5.3.14\spring-jcl-5.3.14.jar;C:\Users\Dell\.m2\repository\org\springframework\spring-test\5.3.14\spring-test-5.3.14.jar;C:\Users\Dell\.m2\repository\org\xmlunit\xmlunit-core\2.8.4\xmlunit-core-2.8.4.jar;"/>
    <property name="sun.cpu.endian" value="little"/>
    <property name="user.home" value="C:\Users\Dell"/>
    <property name="user.language" value="fr"/>
    <property name="java.specification.vendor" value="Oracle Corporation"/>
    <property name="java.version.date" value="2021-07-20"/>
    <property name="java.home" value="C:\STS4\sts-4.12.0.RELEASE\plugins\org.eclipse.justj.openjdk.hotspot.jre.full.win32.x86_64_16.0.2.v20210721-1149\jre"/>
    <property name="file.separator" value="\"/>
    <property name="style.color" value="always"/>
    <property name="basedir" value="C:\Users\Dell\Desktop\microservice\cloud-getway"/>
    <property name="java.vm.compressedOopsMode" value="Zero based"/>
    <property name="line.separator" value="&#10;"/>
    <property name="java.vm.specification.vendor" value="Oracle Corporation"/>
    <property name="java.specification.name" value="Java Platform API Specification"/>
    <property name="surefire.real.class.path" value="C:\Users\Dell\AppData\Local\Temp\surefire12779942877403686544\surefirebooter8993750457787891790.jar"/>
    <property name="user.script" value=""/>
    <property name="sun.management.compiler" value="HotSpot 64-Bit Tiered Compilers"/>
    <property name="java.runtime.version" value="16.0.2+7-67"/>
    <property name="user.name" value="Dell"/>
    <property name="path.separator" value=";"/>
    <property name="os.version" value="10.0"/>
    <property name="java.runtime.name" value="OpenJDK Runtime Environment"/>
    <property name="file.encoding" value="Cp1252"/>
    <property name="java.vm.name" value="OpenJDK 64-Bit Server VM"/>
    <property name="localRepository" value="C:\Users\Dell\.m2\repository"/>
    <property name="java.vendor.url.bug" value="https://bugreport.java.com/bugreport/"/>
    <property name="java.io.tmpdir" value="C:\Users\Dell\AppData\Local\Temp\"/>
    <property name="java.version" value="16.0.2"/>
    <property name="user.dir" value="C:\Users\Dell\Desktop\microservice\cloud-getway"/>
    <property name="os.arch" value="amd64"/>
    <property name="java.vm.specification.name" value="Java Virtual Machine Specification"/>
    <property name="sun.os.patch.level" value=""/>
    <property name="java.library.path" value="C:\STS4\sts-4.12.0.RELEASE\plugins\org.eclipse.justj.openjdk.hotspot.jre.full.win32.x86_64_16.0.2.v20210721-1149\jre\bin;C:\Windows\Sun\Java\bin;C:\Windows\system32;C:\Windows;C:/STS4/sts-4.12.0.RELEASE//plugins/org.eclipse.justj.openjdk.hotspot.jre.full.win32.x86_64_16.0.2.v20210721-1149/jre/bin/server;C:/STS4/sts-4.12.0.RELEASE//plugins/org.eclipse.justj.openjdk.hotspot.jre.full.win32.x86_64_16.0.2.v20210721-1149/jre/bin;C:\Program Files (x86)\VMware\VMware Player\bin\;C:\Program Files\Eclipse Adoptium\jdk-11.0.14.101-hotspot\bin;C:\Program Files (x86)\Common Files\Oracle\Java\javapath;C:\Program Files\Common Files\Oracle\Java\javapath;C:\Program Files\Microsoft MPI\Bin\;C:\Windows\system32;C:\Windows;C:\Windows\System32\Wbem;C:\Windows\System32\WindowsPowerShell\v1.0\;C:\Windows\System32\OpenSSH\;C:\php-7.4.19-nts-Win32-vc15-x64;C:\Program Files\dotnet\;C:\Program Files\Azure Data Studio\bin;C:\Program Files\Microsoft SQL Server\Client SDK\ODBC\110\Tools\Binn\;C:\Program Files\Java\jdk-16.0.2\bin;C:\Program Files\Java\jdk1.8.0_221\bin;C:\Program Files\Java\jre1.8.0_221;C:\Program Files\nodejs\;C:\Program Files\MongoDB\Server\5.0\bin;C:\Users\Dell\Downloads\solc;C:\Program Files\Git\cmd;C:\logiciel téléchargé\flutter_windows_2.10.2-stable\flutter\bin;C:\Program Files\Microsoft SQL Server\150\Tools\Binn\;C:\Program Files\Microsoft SQL Server\Client SDK\ODBC\170\Tools\Binn\;C:\composer;C:\Program Files (x86)\Microsoft SQL Server\120\Tools\Binn\;C:\Program Files\Microsoft SQL Server\120\Tools\Binn\;C:\Program Files\Microsoft SQL Server\120\DTS\Binn\;C:\Program Files (x86)\Microsoft SQL Server\120\Tools\Binn\ManagementStudio\;C:\Program Files (x86)\Microsoft SQL Server\120\DTS\Binn\;C:\Program Files\Microsoft SQL Server\130\Tools\Binn\;C:\Program Files (x86)\dotnet\;C:\Program Files\Docker\Docker\resources\bin;C:\ProgramData\DockerDesktop\version-bin;C:\Program Files\MySQL\MySQL Shell 8.0\bin\;C:\Users\Dell\AppData\Local\Programs\Python\Python310\Scripts\;C:\Users\Dell\AppData\Local\Programs\Python\Python310\;C:\Users\Dell\AppData\Local\Microsoft\WindowsApps;C:\Users\Dell\AppData\Local\Programs\Microsoft VS Code\bin;C:\Users\Dell\AppData\Local\ComposerSetup\bin;C:\Users\Dell\AppData\Roaming\Composer\vendor\bin;C:\Users\Dell\.dotnet\tools;C:\Users\Dell\AppData\Local\GitHubDesktop\bin;C:\Program Files\Azure Data Studio\bin;C:\Users\Dell\AppData\Roaming\npm;;C:\Users\Dell\.web3j\web3j-cli-shadow-1.4.1\bin;C:\Users\Dell\.dotnet\tools;C:\Program Files\JetBrains\IntelliJ IDEA 2021.3.2\bin;;C:\STS4\sts-4.12.0.RELEASE;;."/>
    <property name="java.vm.info" value="mixed mode"/>
    <property name="java.vendor" value="Oracle Corporation"/>
    <property name="java.vm.version" value="16.0.2+7-67"/>
    <property name="sun.io.unicode.encoding" value="UnicodeLittle"/>
    <property name="java.class.version" value="60.0"/>
  </properties>
  <testcase name="contextLoads" classname="ma.fstt.demo.CloudGetwayApplicationTests" time="1.409"/>
</testsuite>